# JRE version: OpenJDK Runtime Environment (8.0_152-b01) (build 1.8.0_152-release-1024-b01)
# Java VM: OpenJDK 64-Bit Server VM (25.152-b01 mixed mode bsd-amd64 compressed oops)
Heap:
 PSYoungGen      total 487936K, used 376829K [0x00000007a0000000, 0x00000007c0000000, 0x00000007c0000000)
  eden space 457728K, 75% used [0x00000007a0000000,0x00000007b52b5f90,0x00000007bbf00000)
  from space 30208K, 99% used [0x00000007bbf00000,0x00000007bdc494e8,0x00000007bdc80000)
  to   space 36352K, 0% used [0x00000007bdc80000,0x00000007bdc80000,0x00000007c0000000)
 ParOldGen       total 199168K, used 50882K [0x0000000760000000, 0x000000076c280000, 0x00000007a0000000)
  object space 199168K, 25% used [0x0000000760000000,0x00000007631b09c8,0x000000076c280000)
 Metaspace       used 81030K, capacity 84446K, committed 84756K, reserved 1122304K
  class space    used 10404K, capacity 11194K, committed 11284K, reserved 1048576K
GC Heap History (10 events):
Event: 39.686 GC heap before
{Heap before GC invocations=10 (full 2):
 PSYoungGen      total 323072K, used 19225K [0x00000007a0000000, 0x00000007bd100000, 0x00000007c0000000)
  eden space 308224K, 1% used [0x00000007a0000000,0x00000007a0449b78,0x00000007b2d00000)
  from space 14848K, 99% used [0x00000007b2d00000,0x00000007b3b7cb20,0x00000007b3b80000)
  to   space 23040K, 0% used [0x00000007bba80000,0x00000007bba80000,0x00000007bd100000)
 ParOldGen       total 165888K, used 29466K [0x0000000760000000, 0x000000076a200000, 0x00000007a0000000)
  object space 165888K, 17% used [0x0000000760000000,0x0000000761cc6b08,0x000000076a200000)
 Metaspace       used 57331K, capacity 58956K, committed 59028K, reserved 1099776K
  class space    used 7627K, capacity 8065K, committed 8084K, reserved 1048576K
Event: 39.702 GC heap after
Heap after GC invocations=10 (full 2):
 PSYoungGen      total 453632K, used 15017K [0x00000007a0000000, 0x00000007c0000000, 0x00000007c0000000)
  eden space 430592K, 0% used [0x00000007a0000000,0x00000007a0000000,0x00000007ba480000)
  from space 23040K, 65% used [0x00000007bba80000,0x00000007bc92a458,0x00000007bd100000)
  to   space 22528K, 0% used [0x00000007ba480000,0x00000007ba480000,0x00000007bba80000)
 ParOldGen       total 165888K, used 29474K [0x0000000760000000, 0x000000076a200000, 0x00000007a0000000)
  object space 165888K, 17% used [0x0000000760000000,0x0000000761cc8b08,0x000000076a200000)
 Metaspace       used 57331K, capacity 58956K, committed 59028K, reserved 1099776K
  class space    used 7627K, capacity 8065K, committed 8084K, reserved 1048576K
}
Event: 39.702 GC heap before
{Heap before GC invocations=11 (full 3):
 PSYoungGen      total 453632K, used 15017K [0x00000007a0000000, 0x00000007c0000000, 0x00000007c0000000)
  eden space 430592K, 0% used [0x00000007a0000000,0x00000007a0000000,0x00000007ba480000)
  from space 23040K, 65% used [0x00000007bba80000,0x00000007bc92a458,0x00000007bd100000)
  to   space 22528K, 0% used [0x00000007ba480000,0x00000007ba480000,0x00000007bba80000)
 ParOldGen       total 165888K, used 29474K [0x0000000760000000, 0x000000076a200000, 0x00000007a0000000)
  object space 165888K, 17% used [0x0000000760000000,0x0000000761cc8b08,0x000000076a200000)
 Metaspace       used 57331K, capacity 58956K, committed 59028K, reserved 1099776K
  class space    used 7627K, capacity 8065K, committed 8084K, reserved 1048576K
Event: 39.893 GC heap after
Heap after GC invocations=11 (full 3):
 PSYoungGen      total 453632K, used 0K [0x00000007a0000000, 0x00000007c0000000, 0x00000007c0000000)
  eden space 430592K, 0% used [0x00000007a0000000,0x00000007a0000000,0x00000007ba480000)
  from space 23040K, 0% used [0x00000007bba80000,0x00000007bba80000,0x00000007bd100000)
  to   space 22528K, 0% used [0x00000007ba480000,0x00000007ba480000,0x00000007bba80000)
 ParOldGen       total 199168K, used 40770K [0x0000000760000000, 0x000000076c280000, 0x00000007a0000000)
  object space 199168K, 20% used [0x0000000760000000,0x00000007627d0858,0x000000076c280000)
 Metaspace       used 57293K, capacity 58850K, committed 59028K, reserved 1099776K
  class space    used 7616K, capacity 8051K, committed 8084K, reserved 1048576K
}
Event: 310.089 GC heap before
{Heap before GC invocations=12 (full 3):
 PSYoungGen      total 453632K, used 430592K [0x00000007a0000000, 0x00000007c0000000, 0x00000007c0000000)
  eden space 430592K, 100% used [0x00000007a0000000,0x00000007ba480000,0x00000007ba480000)
  from space 23040K, 0% used [0x00000007bba80000,0x00000007bba80000,0x00000007bd100000)
  to   space 22528K, 0% used [0x00000007ba480000,0x00000007ba480000,0x00000007bba80000)
 ParOldGen       total 199168K, used 40770K [0x0000000760000000, 0x000000076c280000, 0x00000007a0000000)
  object space 199168K, 20% used [0x0000000760000000,0x00000007627d0858,0x000000076c280000)
 Metaspace       used 66583K, capacity 68886K, committed 69140K, reserved 1110016K
  class space    used 8776K, capacity 9388K, committed 9492K, reserved 1048576K
Event: 310.114 GC heap after
Heap after GC invocations=12 (full 3):
 PSYoungGen      total 453120K, used 22497K [0x00000007a0000000, 0x00000007c0000000, 0x00000007c0000000)
  eden space 430592K, 0% used [0x00000007a0000000,0x00000007a0000000,0x00000007ba480000)
  from space 22528K, 99% used [0x00000007ba480000,0x00000007bba78748,0x00000007bba80000)
  to   space 28672K, 0% used [0x00000007be400000,0x00000007be400000,0x00000007c0000000)
 ParOldGen       total 199168K, used 47776K [0x0000000760000000, 0x000000076c280000, 0x00000007a0000000)
  object space 199168K, 23% used [0x0000000760000000,0x0000000762ea83c0,0x000000076c280000)
 Metaspace       used 66583K, capacity 68886K, committed 69140K, reserved 1110016K
  class space    used 8776K, capacity 9388K, committed 9492K, reserved 1048576K
}
Event: 675.156 GC heap before
{Heap before GC invocations=13 (full 3):
 PSYoungGen      total 453120K, used 453089K [0x00000007a0000000, 0x00000007c0000000, 0x00000007c0000000)
  eden space 430592K, 100% used [0x00000007a0000000,0x00000007ba480000,0x00000007ba480000)
  from space 22528K, 99% used [0x00000007ba480000,0x00000007bba78748,0x00000007bba80000)
  to   space 28672K, 0% used [0x00000007be400000,0x00000007be400000,0x00000007c0000000)
 ParOldGen       total 199168K, used 47776K [0x0000000760000000, 0x000000076c280000, 0x00000007a0000000)
  object space 199168K, 23% used [0x0000000760000000,0x0000000762ea83c0,0x000000076c280000)
 Metaspace       used 74534K, capacity 77328K, committed 77460K, reserved 1116160K
  class space    used 9659K, capacity 10317K, committed 10388K, reserved 1048576K
Event: 675.200 GC heap after
Heap after GC invocations=13 (full 3):
 PSYoungGen      total 486400K, used 28640K [0x00000007a0000000, 0x00000007c0000000, 0x00000007c0000000)
  eden space 457728K, 0% used [0x00000007a0000000,0x00000007a0000000,0x00000007bbf00000)
  from space 28672K, 99% used [0x00000007be400000,0x00000007bfff81b8,0x00000007c0000000)
  to   space 33280K, 0% used [0x00000007bbf00000,0x00000007bbf00000,0x00000007bdf80000)
 ParOldGen       total 199168K, used 50874K [0x0000000760000000, 0x000000076c280000, 0x00000007a0000000)
  object space 199168K, 25% used [0x0000000760000000,0x00000007631ae9c8,0x000000076c280000)
 Metaspace       used 74534K, capacity 77328K, committed 77460K, reserved 1116160K
  class space    used 9659K, capacity 10317K, committed 10388K, reserved 1048576K
}
Event: 1051.204 GC heap before
{Heap before GC invocations=14 (full 3):
 PSYoungGen      total 486400K, used 486368K [0x00000007a0000000, 0x00000007c0000000, 0x00000007c0000000)
  eden space 457728K, 100% used [0x00000007a0000000,0x00000007bbf00000,0x00000007bbf00000)
  from space 28672K, 99% used [0x00000007be400000,0x00000007bfff81b8,0x00000007c0000000)
  to   space 33280K, 0% used [0x00000007bbf00000,0x00000007bbf00000,0x00000007bdf80000)
 ParOldGen       total 199168K, used 50874K [0x0000000760000000, 0x000000076c280000, 0x00000007a0000000)
  object space 199168K, 25% used [0x0000000760000000,0x00000007631ae9c8,0x000000076c280000)
 Metaspace       used 80276K, capacity 83382K, committed 83604K, reserved 1122304K
  class space    used 10344K, capacity 11078K, committed 11156K, reserved 1048576K
Event: 1051.229 GC heap after
Heap after GC invocations=14 (full 3):
 PSYoungGen      total 487936K, used 29989K [0x00000007a0000000, 0x00000007c0000000, 0x00000007c0000000)
  eden space 457728K, 0% used [0x00000007a0000000,0x00000007a0000000,0x00000007bbf00000)
  from space 30208K, 99% used [0x00000007bbf00000,0x00000007bdc494e8,0x00000007bdc80000)
  to   space 36352K, 0% used [0x00000007bdc80000,0x00000007bdc80000,0x00000007c0000000)
 ParOldGen       total 199168K, used 50882K [0x0000000760000000, 0x000000076c280000, 0x00000007a0000000)
  object space 199168K, 25% used [0x0000000760000000,0x00000007631b09c8,0x000000076c280000)
 Metaspace       used 80276K, capacity 83382K, committed 83604K, reserved 1122304K
  class space    used 10344K, capacity 11078K, committed 11156K, reserved 1048576K
}

